### ALL of these tests fail when using the client variant. This doesn't mean functionality is broken on client, just that the tests are buggy. They all succeed with "server"

## jtreg_test_hotspot_jtreg_tier1
# Execution failed: `main' threw exception: java.lang.Error: TESTBUG: the library has not been found in /home/build/YPKG/root/openjdk-17/build/jdk17u-jdk-17.0.4-ga/build/linux-x86_64-client-release/images/test/hotspot/jtreg/native. Did you forget to use --with-gtest to configure?
gtest/GTestWrapper.java 0 linux-all
gtest/LargePageGtests.java#use-large-pages 0 linux-all
gtest/LargePageGtests.java#use-large-pages-1G 0 linux-all
gtest/LargePageGtests.java#use-large-pages-sysV 0 linux-all
gtest/MetaspaceGtests.java#balanced-no-ccs 0 linux-all
gtest/MetaspaceGtests.java#reclaim-aggressive-ndebug 0 linux-all
gtest/MetaspaceGtests.java#reclaim-none-ndebug 0 linux-all
gtest/NMTGtests.java#nmt-detail 0 linux-all
gtest/NMTGtests.java#nmt-off 0 linux-all
gtest/NMTGtests.java#nmt-summary 0 linux-all

# error while loading shared libraries: libjvm.so: cannot open shared object file: No such file or directory
runtime/StackGap/TestStackGap.java 0 linux-all
runtime/StackGuardPages/TestStackGuardPages.java 0 linux-all
runtime/TLS/TestTLS.java 0 linux-all

# `main' threw exception: java.lang.RuntimeException: OpenJDK 64-Bit Server VM(amd64)has no /home/build/YPKG/root/openjdk-17/build/jdk17u-jdk-17.0.4-ga/build/linux-x86_64-client-release/images/jdk/lib/client/classes.jsa
runtime/cds/CheckDefaultArchiveFile.java 0 linux-all

# `main' threw exception: java.lang.RuntimeException: File libjsig not found, path: /home/build/YPKG/root/openjdk-17/build/jdk17u-jdk-17.0.8.1-ga/build/linux-x86_64-client-release/images/jdk/lib/server/libjsig.s
runtime/Thread/TestBreakSignalThreadDump.java#with_jsig 0 linux-all

## jtreg_test_jdk_tier1
# error while loading shared libraries: libjvm.so: cannot open shared object file: No such file or directory
java/lang/reflect/exeCallerAccessTest/CallerAccessTest.java 0 linux-all

## jtreg_test_lib_test_tier1
# error while loading shared libraries: libjvm.so: cannot open shared object file: No such file or directory
jdk/test/lib/process/TestNativeProcessBuilder.java 0 linux-all
